[35m[1mScanning dependencies of target std_msgs_generate_messages_lisp[0m
[35m[1mScanning dependencies of target _navigation_generate_messages_check_deps_Calibration[0m
[  0%] Built target std_msgs_generate_messages_lisp
[35m[1mScanning dependencies of target std_msgs_generate_messages_py[0m
[35m[1mScanning dependencies of target std_msgs_generate_messages_eus[0m
[35m[1mScanning dependencies of target std_msgs_generate_messages_nodejs[0m
[  0%] Built target std_msgs_generate_messages_py
[  0%] Built target std_msgs_generate_messages_eus
[35m[1mScanning dependencies of target std_msgs_generate_messages_cpp[0m
[  0%] Built target std_msgs_generate_messages_nodejs
[  0%] Built target std_msgs_generate_messages_cpp
[  0%] Built target _navigation_generate_messages_check_deps_Calibration
[35m[1mScanning dependencies of target navigation_generate_messages_lisp[0m
[35m[1mScanning dependencies of target navigation_generate_messages_py[0m
[ 14%] [34m[1mGenerating Lisp code from navigation/Calibration.srv[0m
[ 28%] [34m[1mGenerating Python code from SRV navigation/Calibration[0m
[35m[1mScanning dependencies of target navigation_generate_messages_nodejs[0m
[35m[1mScanning dependencies of target navigation_generate_messages_eus[0m
[ 42%] [34m[1mGenerating Javascript code from navigation/Calibration.srv[0m
[ 57%] [34m[1mGenerating EusLisp code from navigation/Calibration.srv[0m
[35m[1mScanning dependencies of target navigation_generate_messages_cpp[0m
[ 71%] [34m[1mGenerating C++ code from navigation/Calibration.srv[0m
[ 71%] Built target navigation_generate_messages_lisp
[ 85%] [34m[1mGenerating EusLisp manifest code for navigation[0m
[ 85%] Built target navigation_generate_messages_nodejs
[100%] [34m[1mGenerating Python srv __init__.py for navigation[0m
[100%] Built target navigation_generate_messages_cpp
[100%] Built target navigation_generate_messages_py
[100%] Built target navigation_generate_messages_eus
[35m[1mScanning dependencies of target navigation_generate_messages[0m
[100%] Built target navigation_generate_messages
