Symlinking /home/luigi/Scrivania/MobileRobots_Project/bot/devel/include/navigation/CalibrationRequest.h
Symlinking /home/luigi/Scrivania/MobileRobots_Project/bot/devel/include/navigation/Calibration.h
Symlinking /home/luigi/Scrivania/MobileRobots_Project/bot/devel/include/navigation/CalibrationResponse.h
Symlinking /home/luigi/Scrivania/MobileRobots_Project/bot/devel/share/gennodejs/ros/navigation/_index.js
Symlinking /home/luigi/Scrivania/MobileRobots_Project/bot/devel/share/gennodejs/ros/navigation/srv/_index.js
Symlinking /home/luigi/Scrivania/MobileRobots_Project/bot/devel/share/gennodejs/ros/navigation/srv/Calibration.js
Symlinking /home/luigi/Scrivania/MobileRobots_Project/bot/devel/share/common-lisp/ros/navigation/srv/Calibration.lisp
Symlinking /home/luigi/Scrivania/MobileRobots_Project/bot/devel/share/common-lisp/ros/navigation/srv/_package_Calibration.lisp
Symlinking /home/luigi/Scrivania/MobileRobots_Project/bot/devel/share/common-lisp/ros/navigation/srv/_package.lisp
Symlinking /home/luigi/Scrivania/MobileRobots_Project/bot/devel/share/common-lisp/ros/navigation/srv/navigation-srv.asd
Symlinking /home/luigi/Scrivania/MobileRobots_Project/bot/devel/share/roseus/ros/navigation/manifest.l
Symlinking /home/luigi/Scrivania/MobileRobots_Project/bot/devel/share/roseus/ros/navigation/srv/Calibration.l
Symlinking /home/luigi/Scrivania/MobileRobots_Project/bot/devel/share/navigation/cmake/navigation-msg-paths.cmake
Symlinking /home/luigi/Scrivania/MobileRobots_Project/bot/devel/share/navigation/cmake/navigationConfig.cmake
Symlinking /home/luigi/Scrivania/MobileRobots_Project/bot/devel/share/navigation/cmake/navigationConfig-version.cmake
Symlinking /home/luigi/Scrivania/MobileRobots_Project/bot/devel/share/navigation/cmake/navigation-msg-extras.cmake
Symlinking /home/luigi/Scrivania/MobileRobots_Project/bot/devel/lib/python3/dist-packages/navigation/__init__.py
Symlinking /home/luigi/Scrivania/MobileRobots_Project/bot/devel/lib/python3/dist-packages/navigation/srv/__init__.py
Symlinking /home/luigi/Scrivania/MobileRobots_Project/bot/devel/lib/python3/dist-packages/navigation/srv/_Calibration.py
Symlinking /home/luigi/Scrivania/MobileRobots_Project/bot/devel/lib/pkgconfig/navigation.pc
