Symlinking /home/luigi/Scrivania/MobileRobots_Project/bot/devel/include/camera/QRResponse.h
Symlinking /home/luigi/Scrivania/MobileRobots_Project/bot/devel/include/camera/QRRequest.h
Symlinking /home/luigi/Scrivania/MobileRobots_Project/bot/devel/include/camera/QR.h
Symlinking /home/luigi/Scrivania/MobileRobots_Project/bot/devel/share/gennodejs/ros/camera/_index.js
Symlinking /home/luigi/Scrivania/MobileRobots_Project/bot/devel/share/gennodejs/ros/camera/srv/_index.js
Symlinking /home/luigi/Scrivania/MobileRobots_Project/bot/devel/share/gennodejs/ros/camera/srv/QR.js
Symlinking /home/luigi/Scrivania/MobileRobots_Project/bot/devel/share/common-lisp/ros/camera/srv/_package_QR.lisp
Symlinking /home/luigi/Scrivania/MobileRobots_Project/bot/devel/share/common-lisp/ros/camera/srv/_package.lisp
Symlinking /home/luigi/Scrivania/MobileRobots_Project/bot/devel/share/common-lisp/ros/camera/srv/camera-srv.asd
Symlinking /home/luigi/Scrivania/MobileRobots_Project/bot/devel/share/common-lisp/ros/camera/srv/QR.lisp
Symlinking /home/luigi/Scrivania/MobileRobots_Project/bot/devel/share/roseus/ros/camera/manifest.l
Symlinking /home/luigi/Scrivania/MobileRobots_Project/bot/devel/share/roseus/ros/camera/srv/QR.l
Symlinking /home/luigi/Scrivania/MobileRobots_Project/bot/devel/share/camera/cmake/camera-msg-extras.cmake
Symlinking /home/luigi/Scrivania/MobileRobots_Project/bot/devel/share/camera/cmake/cameraConfig-version.cmake
Symlinking /home/luigi/Scrivania/MobileRobots_Project/bot/devel/share/camera/cmake/cameraConfig.cmake
Symlinking /home/luigi/Scrivania/MobileRobots_Project/bot/devel/share/camera/cmake/camera-msg-paths.cmake
Symlinking /home/luigi/Scrivania/MobileRobots_Project/bot/devel/lib/python3/dist-packages/camera/__init__.py
Symlinking /home/luigi/Scrivania/MobileRobots_Project/bot/devel/lib/python3/dist-packages/camera/srv/_QR.py
Symlinking /home/luigi/Scrivania/MobileRobots_Project/bot/devel/lib/python3/dist-packages/camera/srv/__init__.py
Symlinking /home/luigi/Scrivania/MobileRobots_Project/bot/devel/lib/pkgconfig/camera.pc
