[35m[1mScanning dependencies of target std_msgs_generate_messages_cpp[0m
[35m[1mScanning dependencies of target _camera_generate_messages_check_deps_QR[0m
[35m[1mScanning dependencies of target std_msgs_generate_messages_nodejs[0m
[  0%] Built target std_msgs_generate_messages_cpp
[35m[1mScanning dependencies of target std_msgs_generate_messages_eus[0m
[  0%] Built target std_msgs_generate_messages_nodejs
[35m[1mScanning dependencies of target std_msgs_generate_messages_py[0m
[  0%] Built target std_msgs_generate_messages_eus
[35m[1mScanning dependencies of target std_msgs_generate_messages_lisp[0m
[  0%] Built target std_msgs_generate_messages_py
[  0%] Built target std_msgs_generate_messages_lisp
[  0%] Built target _camera_generate_messages_check_deps_QR
[35m[1mScanning dependencies of target camera_generate_messages_cpp[0m
[35m[1mScanning dependencies of target camera_generate_messages_nodejs[0m
[35m[1mScanning dependencies of target camera_generate_messages_eus[0m
[ 14%] [34m[1mGenerating Javascript code from camera/QR.srv[0m
[ 28%] [34m[1mGenerating C++ code from camera/QR.srv[0m
[ 42%] [34m[1mGenerating EusLisp code from camera/QR.srv[0m
[ 57%] [34m[1mGenerating EusLisp manifest code for camera[0m
[35m[1mScanning dependencies of target camera_generate_messages_py[0m
[ 71%] [34m[1mGenerating Python code from SRV camera/QR[0m
[35m[1mScanning dependencies of target camera_generate_messages_lisp[0m
[ 71%] Built target camera_generate_messages_nodejs
[ 85%] [34m[1mGenerating Lisp code from camera/QR.srv[0m
[ 85%] Built target camera_generate_messages_lisp
[100%] [34m[1mGenerating Python srv __init__.py for camera[0m
[100%] Built target camera_generate_messages_cpp
[100%] Built target camera_generate_messages_py
[100%] Built target camera_generate_messages_eus
[35m[1mScanning dependencies of target camera_generate_messages[0m
[100%] Built target camera_generate_messages
