Performing C SOURCE FILE Test CMAKE_HAVE_LIBC_PTHREAD failed with the following output:
Change Dir: /home/francesca/Scrivania/MobileRobots_Project/bot/build/camera/CMakeFiles/CMakeTmp

Run Build Command(s):/usr/bin/make cmTC_14ee5/fast && /usr/bin/make -f CMakeFiles/cmTC_14ee5.dir/build.make CMakeFiles/cmTC_14ee5.dir/build
make[1]: ingresso nella directory «/home/francesca/Scrivania/MobileRobots_Project/bot/build/camera/CMakeFiles/CMakeTmp»
Building C object CMakeFiles/cmTC_14ee5.dir/src.c.o
/usr/bin/cc   -DCMAKE_HAVE_LIBC_PTHREAD   -o CMakeFiles/cmTC_14ee5.dir/src.c.o   -c /home/francesca/Scrivania/MobileRobots_Project/bot/build/camera/CMakeFiles/CMakeTmp/src.c
Linking C executable cmTC_14ee5
/usr/bin/cmake -E cmake_link_script CMakeFiles/cmTC_14ee5.dir/link.txt --verbose=1
/usr/bin/cc  -DCMAKE_HAVE_LIBC_PTHREAD    -rdynamic CMakeFiles/cmTC_14ee5.dir/src.c.o  -o cmTC_14ee5 
/usr/bin/ld: CMakeFiles/cmTC_14ee5.dir/src.c.o: in function `main':
src.c:(.text+0x46): undefined reference to `pthread_create'
/usr/bin/ld: src.c:(.text+0x52): undefined reference to `pthread_detach'
/usr/bin/ld: src.c:(.text+0x63): undefined reference to `pthread_join'
collect2: error: ld returned 1 exit status
make[1]: *** [CMakeFiles/cmTC_14ee5.dir/build.make:87: cmTC_14ee5] Errore 1
make[1]: uscita dalla directory «/home/francesca/Scrivania/MobileRobots_Project/bot/build/camera/CMakeFiles/CMakeTmp»
make: *** [Makefile:121: cmTC_14ee5/fast] Errore 2


Source file was:
#include <pthread.h>

void* test_func(void* data)
{
  return data;
}

int main(void)
{
  pthread_t thread;
  pthread_create(&thread, NULL, test_func, NULL);
  pthread_detach(thread);
  pthread_join(thread, NULL);
  pthread_atfork(NULL, NULL, NULL);
  pthread_exit(NULL);

  return 0;
}

Determining if the function pthread_create exists in the pthreads failed with the following output:
Change Dir: /home/francesca/Scrivania/MobileRobots_Project/bot/build/camera/CMakeFiles/CMakeTmp

Run Build Command(s):/usr/bin/make cmTC_e4570/fast && /usr/bin/make -f CMakeFiles/cmTC_e4570.dir/build.make CMakeFiles/cmTC_e4570.dir/build
make[1]: ingresso nella directory «/home/francesca/Scrivania/MobileRobots_Project/bot/build/camera/CMakeFiles/CMakeTmp»
Building C object CMakeFiles/cmTC_e4570.dir/CheckFunctionExists.c.o
/usr/bin/cc   -DCHECK_FUNCTION_EXISTS=pthread_create   -o CMakeFiles/cmTC_e4570.dir/CheckFunctionExists.c.o   -c /usr/share/cmake-3.16/Modules/CheckFunctionExists.c
Linking C executable cmTC_e4570
/usr/bin/cmake -E cmake_link_script CMakeFiles/cmTC_e4570.dir/link.txt --verbose=1
/usr/bin/cc  -DCHECK_FUNCTION_EXISTS=pthread_create    -rdynamic CMakeFiles/cmTC_e4570.dir/CheckFunctionExists.c.o  -o cmTC_e4570  -lpthreads 
/usr/bin/ld: impossibile trovare -lpthreads
collect2: error: ld returned 1 exit status
make[1]: *** [CMakeFiles/cmTC_e4570.dir/build.make:87: cmTC_e4570] Errore 1
make[1]: uscita dalla directory «/home/francesca/Scrivania/MobileRobots_Project/bot/build/camera/CMakeFiles/CMakeTmp»
make: *** [Makefile:121: cmTC_e4570/fast] Errore 2



